Error in method <java.io.BufferedReader: int read()>: statement  entermonitor $r3: Excluding <java.io.BufferedReader: int read()>: This tool does not support consurrency. 

Error in method <java.io.BufferedReader: int read(char[],int,int)>: statement  entermonitor $r4: Excluding <java.io.BufferedReader: int read(char[],int,int)>: This tool does not support consurrency. 

Error in method <java.io.BufferedReader: java.lang.String readLine(boolean)>: statement  entermonitor $r3: Excluding <java.io.BufferedReader: java.lang.String readLine(boolean)>: This tool does not support consurrency. 

Error in method <java.io.BufferedReader: java.lang.String readLine(boolean)>: statement  entermonitor $r3: Excluding <java.io.BufferedReader: java.lang.String readLine(boolean)>: This tool does not support consurrency. 

Error in method <java.io.BufferedReader: long skip(long)>: statement  entermonitor $r3: Excluding <java.io.BufferedReader: long skip(long)>: This tool does not support consurrency. 

Error in method <java.io.BufferedReader: boolean ready()>: statement  entermonitor $r3: Excluding <java.io.BufferedReader: boolean ready()>: This tool does not support consurrency. 

Error in method <java.io.BufferedReader: void mark(int)>: statement  entermonitor $r3: Excluding <java.io.BufferedReader: void mark(int)>: This tool does not support consurrency. 

Error in method <java.io.BufferedReader: void reset()>: statement  entermonitor $r3: Excluding <java.io.BufferedReader: void reset()>: This tool does not support consurrency. 

Error in method <java.io.BufferedReader: void close()>: statement  entermonitor $r4: Excluding <java.io.BufferedReader: void close()>: This tool does not support consurrency. 

Error in method <java.io.BufferedWriter: void flushBuffer()>: statement  entermonitor $r3: Excluding <java.io.BufferedWriter: void flushBuffer()>: This tool does not support consurrency. 

Error in method <java.io.BufferedWriter: void write(int)>: statement  entermonitor $r3: Excluding <java.io.BufferedWriter: void write(int)>: This tool does not support consurrency. 

Error in method <java.io.BufferedWriter: void write(char[],int,int)>: statement  entermonitor $r4: Excluding <java.io.BufferedWriter: void write(char[],int,int)>: This tool does not support consurrency. 

Error in method <java.io.BufferedWriter: void write(java.lang.String,int,int)>: statement  entermonitor $r4: Excluding <java.io.BufferedWriter: void write(java.lang.String,int,int)>: This tool does not support consurrency. 

Error in method <java.io.Writer: void write(java.lang.String,int,int)>: statement  entermonitor $r4: Excluding <java.io.Writer: void write(java.lang.String,int,int)>: This tool does not support consurrency. 

Error in method <java.io.BufferedWriter: void flush()>: statement  entermonitor $r3: Excluding <java.io.BufferedWriter: void flush()>: This tool does not support consurrency. 

Error in method <java.io.BufferedWriter: void close()>: statement  entermonitor $r7: Excluding <java.io.BufferedWriter: void close()>: This tool does not support consurrency. 

Error in method <java.util.Collections$SynchronizedNavigableMap: java.util.NavigableSet navigableKeySet()>: statement  entermonitor $r3: Excluding <java.util.Collections$SynchronizedNavigableMap: java.util.NavigableSet navigableKeySet()>: This tool does not support consurrency. 

Error in method <java.util.Collections$SynchronizedNavigableMap: java.util.NavigableSet navigableKeySet()>: statement  entermonitor $r3: Excluding <java.util.Collections$SynchronizedNavigableMap: java.util.NavigableSet navigableKeySet()>: This tool does not support consurrency. 

Error in method <java.util.WeakHashMap: void expungeStaleEntries()>: statement  entermonitor $r8: Excluding <java.util.WeakHashMap: void expungeStaleEntries()>: This tool does not support consurrency. 

Error in method <java.util.Collections$SynchronizedMap: int size()>: statement  entermonitor $r3: Excluding <java.util.Collections$SynchronizedMap: int size()>: This tool does not support consurrency. 

Error in method <java.util.Collections$SynchronizedMap: int size()>: statement  entermonitor $r3: Excluding <java.util.Collections$SynchronizedMap: int size()>: This tool does not support consurrency. 

Error in method <java.util.Collections$SynchronizedMap: int size()>: statement  entermonitor $r3: Excluding <java.util.Collections$SynchronizedMap: int size()>: This tool does not support consurrency. 

Error in method <java.util.Vector$Itr: java.lang.Object next()>: statement  entermonitor $r3: Excluding <java.util.Vector$Itr: java.lang.Object next()>: This tool does not support consurrency. 

Error in method <java.util.Vector$Itr: java.lang.Object next()>: statement  entermonitor $r3: Excluding <java.util.Vector$Itr: java.lang.Object next()>: This tool does not support consurrency. 

Error in method <java.util.Vector$Itr: java.lang.Object next()>: statement  entermonitor $r3: Excluding <java.util.Vector$Itr: java.lang.Object next()>: This tool does not support consurrency. 

Error in method <java.util.Vector$Itr: java.lang.Object next()>: statement  entermonitor $r3: Excluding <java.util.Vector$Itr: java.lang.Object next()>: This tool does not support consurrency. 

Error in method <java.util.Vector$Itr: java.lang.Object next()>: statement  entermonitor $r3: Excluding <java.util.Vector$Itr: java.lang.Object next()>: This tool does not support consurrency. 

Error in method <java.util.Vector$Itr: java.lang.Object next()>: statement  entermonitor $r3: Excluding <java.util.Vector$Itr: java.lang.Object next()>: This tool does not support consurrency. 

Error in method <java.nio.channels.spi.AbstractInterruptibleChannel: void close()>: statement  entermonitor $r3: Excluding <java.nio.channels.spi.AbstractInterruptibleChannel: void close()>: This tool does not support consurrency. 

Error in method <java.io.PrintStream: void close()>: statement  entermonitor this: Excluding <java.io.PrintStream: void close()>: This tool does not support consurrency. 

Error in method <java.lang.UNIXProcess$DeferredCloseInputStream: void close()>: statement  entermonitor $r3: Excluding <java.lang.UNIXProcess$DeferredCloseInputStream: void close()>: This tool does not support consurrency. 

Error in method <java.io.FileInputStream: void close()>: statement  entermonitor $r3: Excluding <java.io.FileInputStream: void close()>: This tool does not support consurrency. 

Error in method <java.lang.UNIXProcess$DeferredCloseProcessPipeInputStream: void close()>: statement  entermonitor $r3: Excluding <java.lang.UNIXProcess$DeferredCloseProcessPipeInputStream: void close()>: This tool does not support consurrency. 

Error in method <java.lang.UNIXProcess$ProcessPipeInputStream: void close()>: statement  entermonitor $r3: Excluding <java.lang.UNIXProcess$ProcessPipeInputStream: void close()>: This tool does not support consurrency. 

Error in method <java.io.FileOutputStream: void close()>: statement  entermonitor $r3: Excluding <java.io.FileOutputStream: void close()>: This tool does not support consurrency. 

Error in method <java.nio.channels.spi.AbstractInterruptibleChannel: void close()>: statement  entermonitor $r3: Excluding <java.nio.channels.spi.AbstractInterruptibleChannel: void close()>: This tool does not support consurrency. 

Error in method <java.io.PrintWriter: void close()>: statement  entermonitor $r2: Excluding <java.io.PrintWriter: void close()>: This tool does not support consurrency. 

Error in method <java.io.BufferedWriter: void close()>: statement  entermonitor $r7: Excluding <java.io.BufferedWriter: void close()>: This tool does not support consurrency. 

Error in method <java.io.BufferedReader: void close()>: statement  entermonitor $r4: Excluding <java.io.BufferedReader: void close()>: This tool does not support consurrency. 

Error in method <java.nio.channels.spi.AbstractInterruptibleChannel: void close()>: statement  entermonitor $r3: Excluding <java.nio.channels.spi.AbstractInterruptibleChannel: void close()>: This tool does not support consurrency. 

Error in method <java.io.PrintStream: void close()>: statement  entermonitor this: Excluding <java.io.PrintStream: void close()>: This tool does not support consurrency. 

Error in method <java.lang.UNIXProcess$DeferredCloseInputStream: void close()>: statement  entermonitor $r3: Excluding <java.lang.UNIXProcess$DeferredCloseInputStream: void close()>: This tool does not support consurrency. 

Error in method <java.io.FileInputStream: void close()>: statement  entermonitor $r3: Excluding <java.io.FileInputStream: void close()>: This tool does not support consurrency. 

Error in method <java.lang.UNIXProcess$DeferredCloseProcessPipeInputStream: void close()>: statement  entermonitor $r3: Excluding <java.lang.UNIXProcess$DeferredCloseProcessPipeInputStream: void close()>: This tool does not support consurrency. 

Error in method <java.lang.UNIXProcess$ProcessPipeInputStream: void close()>: statement  entermonitor $r3: Excluding <java.lang.UNIXProcess$ProcessPipeInputStream: void close()>: This tool does not support consurrency. 

Error in method <java.io.FileOutputStream: void close()>: statement  entermonitor $r3: Excluding <java.io.FileOutputStream: void close()>: This tool does not support consurrency. 

Error in method <java.io.PrintWriter: void close()>: statement  entermonitor $r2: Excluding <java.io.PrintWriter: void close()>: This tool does not support consurrency. 

Error in method <java.io.BufferedWriter: void close()>: statement  entermonitor $r7: Excluding <java.io.BufferedWriter: void close()>: This tool does not support consurrency. 

Error in method <java.io.BufferedReader: void close()>: statement  entermonitor $r4: Excluding <java.io.BufferedReader: void close()>: This tool does not support consurrency. 

Error in method <java.util.Vector$Itr: java.lang.Object next()>: statement  entermonitor $r3: Excluding <java.util.Vector$Itr: java.lang.Object next()>: This tool does not support consurrency. 

Error in method <java.util.Vector$Itr: java.lang.Object next()>: statement  entermonitor $r3: Excluding <java.util.Vector$Itr: java.lang.Object next()>: This tool does not support consurrency. 

Error in method <java.util.Collections$SynchronizedMap: int size()>: statement  entermonitor $r3: Excluding <java.util.Collections$SynchronizedMap: int size()>: This tool does not support consurrency. 

Error in method <java.util.Collections$SynchronizedMap: int size()>: statement  entermonitor $r3: Excluding <java.util.Collections$SynchronizedMap: int size()>: This tool does not support consurrency. 

Error in method <java.util.Collections$SynchronizedCollection: int size()>: statement  entermonitor $r3: Excluding <java.util.Collections$SynchronizedCollection: int size()>: This tool does not support consurrency. 

Error in method <java.util.Collections$SynchronizedCollection: int size()>: statement  entermonitor $r3: Excluding <java.util.Collections$SynchronizedCollection: int size()>: This tool does not support consurrency. 

Error in method <java.util.Collections$SynchronizedCollection: int size()>: statement  entermonitor $r3: Excluding <java.util.Collections$SynchronizedCollection: int size()>: This tool does not support consurrency. 

Error in method <java.util.Vector$Itr: java.lang.Object next()>: statement  entermonitor $r3: Excluding <java.util.Vector$Itr: java.lang.Object next()>: This tool does not support consurrency. 

Error in method <java.util.Vector$VectorSpliterator: int getFence()>: statement  entermonitor $r3: Excluding <java.util.Vector$VectorSpliterator: int getFence()>: This tool does not support consurrency. 

Error in method <java.util.Vector$Itr: java.lang.Object next()>: statement  entermonitor $r3: Excluding <java.util.Vector$Itr: java.lang.Object next()>: This tool does not support consurrency. 

Error in method <java.util.Vector$Itr: java.lang.Object next()>: statement  entermonitor $r3: Excluding <java.util.Vector$Itr: java.lang.Object next()>: This tool does not support consurrency. 

Error in method <java.util.WeakHashMap: void expungeStaleEntries()>: statement  entermonitor $r8: Excluding <java.util.WeakHashMap: void expungeStaleEntries()>: This tool does not support consurrency. 

Error in method <java.util.Vector$Itr: java.lang.Object next()>: statement  entermonitor $r3: Excluding <java.util.Vector$Itr: java.lang.Object next()>: This tool does not support consurrency. 

Error in method <java.util.Vector$Itr: java.lang.Object next()>: statement  entermonitor $r3: Excluding <java.util.Vector$Itr: java.lang.Object next()>: This tool does not support consurrency. 

Error in method <java.util.WeakHashMap: void expungeStaleEntries()>: statement  entermonitor $r8: Excluding <java.util.WeakHashMap: void expungeStaleEntries()>: This tool does not support consurrency. 

Error in method <java.util.Collections$SynchronizedMap: java.lang.Object put(java.lang.Object,java.lang.Object)>: statement  entermonitor $r5: Excluding <java.util.Collections$SynchronizedMap: java.lang.Object put(java.lang.Object,java.lang.Object)>: This tool does not support consurrency. 

Error in method <java.util.Collections$SynchronizedMap: java.lang.Object put(java.lang.Object,java.lang.Object)>: statement  entermonitor $r5: Excluding <java.util.Collections$SynchronizedMap: java.lang.Object put(java.lang.Object,java.lang.Object)>: This tool does not support consurrency. 

Error in method <java.util.Collections$SynchronizedMap: java.lang.Object put(java.lang.Object,java.lang.Object)>: statement  entermonitor $r5: Excluding <java.util.Collections$SynchronizedMap: java.lang.Object put(java.lang.Object,java.lang.Object)>: This tool does not support consurrency. 

Error in method <java.util.Collections$SynchronizedMap: java.lang.Object put(java.lang.Object,java.lang.Object)>: statement  entermonitor $r5: Excluding <java.util.Collections$SynchronizedMap: java.lang.Object put(java.lang.Object,java.lang.Object)>: This tool does not support consurrency. 

Error in method <java.util.Collections$SynchronizedMap: java.lang.Object get(java.lang.Object)>: statement  entermonitor $r4: Excluding <java.util.Collections$SynchronizedMap: java.lang.Object get(java.lang.Object)>: This tool does not support consurrency. 

Error in method <java.util.Collections$SynchronizedMap: java.lang.Object get(java.lang.Object)>: statement  entermonitor $r4: Excluding <java.util.Collections$SynchronizedMap: java.lang.Object get(java.lang.Object)>: This tool does not support consurrency. 

Error in method <java.util.Collections$SynchronizedMap: java.lang.Object get(java.lang.Object)>: statement  entermonitor $r4: Excluding <java.util.Collections$SynchronizedMap: java.lang.Object get(java.lang.Object)>: This tool does not support consurrency. 

Error in method <java.io.Console: java.lang.String readLine(java.lang.String,java.lang.Object[])>: statement  entermonitor $r7: Excluding <java.io.Console: java.lang.String readLine(java.lang.String,java.lang.Object[])>: This tool does not support consurrency. 

Error in method <java.io.Console: java.lang.String readLine(java.lang.String,java.lang.Object[])>: statement  entermonitor $r7: Excluding <java.io.Console: java.lang.String readLine(java.lang.String,java.lang.Object[])>: This tool does not support consurrency. 

Error in method <java.io.Console: char[] readPassword(java.lang.String,java.lang.Object[])>: statement  entermonitor $r9: Excluding <java.io.Console: char[] readPassword(java.lang.String,java.lang.Object[])>: This tool does not support consurrency. 

Error in method <java.io.Console: char[] readPassword(java.lang.String,java.lang.Object[])>: statement  entermonitor $r9: Excluding <java.io.Console: char[] readPassword(java.lang.String,java.lang.Object[])>: This tool does not support consurrency. 

Error in method <java.io.PrintWriter: void flush()>: statement  entermonitor $r2: Excluding <java.io.PrintWriter: void flush()>: This tool does not support consurrency. 

Error in method <java.io.Console$LineReader: int read(char[],int,int)>: statement  entermonitor $r4: Excluding <java.io.Console$LineReader: int read(char[],int,int)>: This tool does not support consurrency. 

Error in method <java.util.Collections$SynchronizedMap: java.util.Set keySet()>: statement  entermonitor $r3: Excluding <java.util.Collections$SynchronizedMap: java.util.Set keySet()>: This tool does not support consurrency. 

Error in method <java.util.Collections$SynchronizedMap: java.util.Set keySet()>: statement  entermonitor $r3: Excluding <java.util.Collections$SynchronizedMap: java.util.Set keySet()>: This tool does not support consurrency. 

Error in method <java.util.Collections$SynchronizedMap: java.util.Set keySet()>: statement  entermonitor $r3: Excluding <java.util.Collections$SynchronizedMap: java.util.Set keySet()>: This tool does not support consurrency. 

Error in method <java.util.Vector$Itr: java.lang.Object next()>: statement  entermonitor $r3: Excluding <java.util.Vector$Itr: java.lang.Object next()>: This tool does not support consurrency. 

Error in method <java.util.Collections$SynchronizedMap: java.lang.Object get(java.lang.Object)>: statement  entermonitor $r4: Excluding <java.util.Collections$SynchronizedMap: java.lang.Object get(java.lang.Object)>: This tool does not support consurrency. 

Error in method <java.util.Vector$Itr: java.lang.Object next()>: statement  entermonitor $r3: Excluding <java.util.Vector$Itr: java.lang.Object next()>: This tool does not support consurrency. 

Error in method <java.util.Vector$Itr: java.lang.Object next()>: statement  entermonitor $r3: Excluding <java.util.Vector$Itr: java.lang.Object next()>: This tool does not support consurrency. 

Error in method <java.util.Vector$Itr: void remove()>: statement  entermonitor $r3: Excluding <java.util.Vector$Itr: void remove()>: This tool does not support consurrency. 

Error in method <java.util.Hashtable$Enumerator: void remove()>: statement  entermonitor $r6: Excluding <java.util.Hashtable$Enumerator: void remove()>: This tool does not support consurrency. 

Error in method <java.util.Vector$Itr: void remove()>: statement  entermonitor $r3: Excluding <java.util.Vector$Itr: void remove()>: This tool does not support consurrency. 

Error in method <java.util.Hashtable$Enumerator: void remove()>: statement  entermonitor $r6: Excluding <java.util.Hashtable$Enumerator: void remove()>: This tool does not support consurrency. 

Error in method <java.util.Vector$Itr: void remove()>: statement  entermonitor $r3: Excluding <java.util.Vector$Itr: void remove()>: This tool does not support consurrency. 

Error in method <java.util.Hashtable$Enumerator: void remove()>: statement  entermonitor $r6: Excluding <java.util.Hashtable$Enumerator: void remove()>: This tool does not support consurrency. 

Error in method <java.util.Vector$Itr: void remove()>: statement  entermonitor $r3: Excluding <java.util.Vector$Itr: void remove()>: This tool does not support consurrency. 

Error in method <java.util.Hashtable$Enumerator: void remove()>: statement  entermonitor $r6: Excluding <java.util.Hashtable$Enumerator: void remove()>: This tool does not support consurrency. 

Error in method <java.util.Vector$Itr: void remove()>: statement  entermonitor $r3: Excluding <java.util.Vector$Itr: void remove()>: This tool does not support consurrency. 

Error in method <java.util.Hashtable$Enumerator: void remove()>: statement  entermonitor $r6: Excluding <java.util.Hashtable$Enumerator: void remove()>: This tool does not support consurrency. 

Error in method <java.util.Collections$SynchronizedMap: java.lang.Object remove(java.lang.Object)>: statement  entermonitor $r4: Excluding <java.util.Collections$SynchronizedMap: java.lang.Object remove(java.lang.Object)>: This tool does not support consurrency. 

Error in method <java.util.Collections$SynchronizedMap: java.lang.Object remove(java.lang.Object)>: statement  entermonitor $r4: Excluding <java.util.Collections$SynchronizedMap: java.lang.Object remove(java.lang.Object)>: This tool does not support consurrency. 

Error in method <java.util.Collections$SynchronizedMap: java.lang.Object remove(java.lang.Object)>: statement  entermonitor $r4: Excluding <java.util.Collections$SynchronizedMap: java.lang.Object remove(java.lang.Object)>: This tool does not support consurrency. 

Error in method <java.util.Collections$SynchronizedMap: java.lang.Object put(java.lang.Object,java.lang.Object)>: statement  entermonitor $r5: Excluding <java.util.Collections$SynchronizedMap: java.lang.Object put(java.lang.Object,java.lang.Object)>: This tool does not support consurrency. 

Error in method <java.util.Collections$SynchronizedMap: void clear()>: statement  entermonitor $r3: Excluding <java.util.Collections$SynchronizedMap: void clear()>: This tool does not support consurrency. 

Error in method <java.util.Collections$SynchronizedMap: void clear()>: statement  entermonitor $r3: Excluding <java.util.Collections$SynchronizedMap: void clear()>: This tool does not support consurrency. 

Error in method <java.util.Collections$SynchronizedMap: void clear()>: statement  entermonitor $r3: Excluding <java.util.Collections$SynchronizedMap: void clear()>: This tool does not support consurrency. 

Error in method <java.util.Collections$SynchronizedMap: void clear()>: statement  entermonitor $r3: Excluding <java.util.Collections$SynchronizedMap: void clear()>: This tool does not support consurrency. 

Error in method <java.util.Collections$SynchronizedMap: void clear()>: statement  entermonitor $r3: Excluding <java.util.Collections$SynchronizedMap: void clear()>: This tool does not support consurrency. 

Error in method <java.util.Collections$SynchronizedMap: void clear()>: statement  entermonitor $r3: Excluding <java.util.Collections$SynchronizedMap: void clear()>: This tool does not support consurrency. 

Error in method <java.util.Collections$SynchronizedMap: void clear()>: statement  entermonitor $r3: Excluding <java.util.Collections$SynchronizedMap: void clear()>: This tool does not support consurrency. 

Error in method <java.util.Vector$Itr: java.lang.Object next()>: statement  entermonitor $r3: Excluding <java.util.Vector$Itr: java.lang.Object next()>: This tool does not support consurrency. 

Error in method <java.util.Vector$Itr: void remove()>: statement  entermonitor $r3: Excluding <java.util.Vector$Itr: void remove()>: This tool does not support consurrency. 

Error in method <java.util.Hashtable$Enumerator: void remove()>: statement  entermonitor $r6: Excluding <java.util.Hashtable$Enumerator: void remove()>: This tool does not support consurrency. 

Error in method <java.util.Collections$SynchronizedMap: void clear()>: statement  entermonitor $r3: Excluding <java.util.Collections$SynchronizedMap: void clear()>: This tool does not support consurrency. 

Error in method <java.io.File: java.nio.file.Path toPath()>: statement  entermonitor this: Excluding <java.io.File: java.nio.file.Path toPath()>: This tool does not support consurrency. 

Error in method <java.io.File: java.nio.file.Path toPath()>: statement  entermonitor this: Excluding <java.io.File: java.nio.file.Path toPath()>: This tool does not support consurrency. 

Error in method <java.io.FileInputStream: void close()>: statement  entermonitor $r3: Excluding <java.io.FileInputStream: void close()>: This tool does not support consurrency. 

Error in method <java.io.FileInputStream: java.nio.channels.FileChannel getChannel()>: statement  entermonitor this: Excluding <java.io.FileInputStream: java.nio.channels.FileChannel getChannel()>: This tool does not support consurrency. 

Error in method <java.io.FileInputStream: void close()>: statement  entermonitor $r3: Excluding <java.io.FileInputStream: void close()>: This tool does not support consurrency. 

Error in method <java.io.FileOutputStream: void close()>: statement  entermonitor $r3: Excluding <java.io.FileOutputStream: void close()>: This tool does not support consurrency. 

Error in method <java.io.FileOutputStream: java.nio.channels.FileChannel getChannel()>: statement  entermonitor this: Excluding <java.io.FileOutputStream: java.nio.channels.FileChannel getChannel()>: This tool does not support consurrency. 

Error in method <java.io.FileOutputStream: void close()>: statement  entermonitor $r3: Excluding <java.io.FileOutputStream: void close()>: This tool does not support consurrency. 

Error in method <java.io.PrintStream: void flush()>: statement  entermonitor this: Excluding <java.io.PrintStream: void flush()>: This tool does not support consurrency. 

Error in method <java.io.PrintStream: void close()>: statement  entermonitor this: Excluding <java.io.PrintStream: void close()>: This tool does not support consurrency. 

Error in method <java.io.PrintStream: void flush()>: statement  entermonitor this: Excluding <java.io.PrintStream: void flush()>: This tool does not support consurrency. 

Error in method <java.io.PrintStream: void println(boolean)>: statement  entermonitor this: Excluding <java.io.PrintStream: void println(boolean)>: This tool does not support consurrency. 

Error in method <java.io.PrintStream: void println(char)>: statement  entermonitor this: Excluding <java.io.PrintStream: void println(char)>: This tool does not support consurrency. 

Error in method <java.io.PrintStream: void println(int)>: statement  entermonitor this: Excluding <java.io.PrintStream: void println(int)>: This tool does not support consurrency. 

Error in method <java.io.PrintStream: void println(long)>: statement  entermonitor this: Excluding <java.io.PrintStream: void println(long)>: This tool does not support consurrency. 

Error in method <java.io.PrintStream: void println(float)>: statement  entermonitor this: Excluding <java.io.PrintStream: void println(float)>: This tool does not support consurrency. 

Error in method <java.io.PrintStream: void println(double)>: statement  entermonitor this: Excluding <java.io.PrintStream: void println(double)>: This tool does not support consurrency. 

Error in method <java.io.PrintStream: void println(char[])>: statement  entermonitor this: Excluding <java.io.PrintStream: void println(char[])>: This tool does not support consurrency. 

Error in method <java.io.PrintStream: void println(java.lang.String)>: statement  entermonitor this: Excluding <java.io.PrintStream: void println(java.lang.String)>: This tool does not support consurrency. 

Error in method <java.io.PrintStream: void println(java.lang.Object)>: statement  entermonitor this: Excluding <java.io.PrintStream: void println(java.lang.Object)>: This tool does not support consurrency. 

Error in method <java.io.PrintWriter: void flush()>: statement  entermonitor $r2: Excluding <java.io.PrintWriter: void flush()>: This tool does not support consurrency. 

Error in method <java.io.PrintWriter: void close()>: statement  entermonitor $r2: Excluding <java.io.PrintWriter: void close()>: This tool does not support consurrency. 

Error in method <java.io.PrintWriter: void flush()>: statement  entermonitor $r2: Excluding <java.io.PrintWriter: void flush()>: This tool does not support consurrency. 

Error in method <java.io.PrintWriter: void println(boolean)>: statement  entermonitor $r3: Excluding <java.io.PrintWriter: void println(boolean)>: This tool does not support consurrency. 

Error in method <java.io.PrintWriter: void println(char)>: statement  entermonitor $r3: Excluding <java.io.PrintWriter: void println(char)>: This tool does not support consurrency. 

Error in method <java.io.PrintWriter: void println(int)>: statement  entermonitor $r3: Excluding <java.io.PrintWriter: void println(int)>: This tool does not support consurrency. 

Error in method <java.io.PrintWriter: void println(long)>: statement  entermonitor $r3: Excluding <java.io.PrintWriter: void println(long)>: This tool does not support consurrency. 

Error in method <java.io.PrintWriter: void println(float)>: statement  entermonitor $r3: Excluding <java.io.PrintWriter: void println(float)>: This tool does not support consurrency. 

Error in method <java.io.PrintWriter: void println(double)>: statement  entermonitor $r3: Excluding <java.io.PrintWriter: void println(double)>: This tool does not support consurrency. 

Error in method <java.io.PrintWriter: void println(char[])>: statement  entermonitor $r4: Excluding <java.io.PrintWriter: void println(char[])>: This tool does not support consurrency. 

Error in method <java.io.PrintWriter: void println(java.lang.String)>: statement  entermonitor $r4: Excluding <java.io.PrintWriter: void println(java.lang.String)>: This tool does not support consurrency. 

Error in method <java.io.PrintWriter: void println(java.lang.Object)>: statement  entermonitor $r5: Excluding <java.io.PrintWriter: void println(java.lang.Object)>: This tool does not support consurrency. 

Error in method <java.io.Reader: long skip(long)>: statement  entermonitor $r3: Excluding <java.io.Reader: long skip(long)>: This tool does not support consurrency. 

Error in method <java.io.StringReader: int read()>: statement  entermonitor $r3: Excluding <java.io.StringReader: int read()>: This tool does not support consurrency. 

Error in method <java.io.StringReader: int read(char[],int,int)>: statement  entermonitor $r4: Excluding <java.io.StringReader: int read(char[],int,int)>: This tool does not support consurrency. 

Error in method <java.io.StringReader: long skip(long)>: statement  entermonitor $r3: Excluding <java.io.StringReader: long skip(long)>: This tool does not support consurrency. 

Error in method <java.io.StringReader: boolean ready()>: statement  entermonitor $r3: Excluding <java.io.StringReader: boolean ready()>: This tool does not support consurrency. 

Error in method <java.io.StringReader: void mark(int)>: statement  entermonitor $r3: Excluding <java.io.StringReader: void mark(int)>: This tool does not support consurrency. 

Error in method <java.io.StringReader: void reset()>: statement  entermonitor $r3: Excluding <java.io.StringReader: void reset()>: This tool does not support consurrency. 

Error in method <java.io.Writer: void write(int)>: statement  entermonitor $r3: Excluding <java.io.Writer: void write(int)>: This tool does not support consurrency. 

Error in method <java.io.Writer: void write(java.lang.String,int,int)>: statement  entermonitor $r4: Excluding <java.io.Writer: void write(java.lang.String,int,int)>: This tool does not support consurrency. 

