Error in method <java.util.WeakHashMap: void expungeStaleEntries()>: statement  entermonitor $r8: Excluding <java.util.WeakHashMap: void expungeStaleEntries()>: This tool does not support consurrency. 

Error in method <java.util.Collections$SynchronizedMap: int size()>: statement  entermonitor $r3: Excluding <java.util.Collections$SynchronizedMap: int size()>: This tool does not support consurrency. 

Error in method <java.util.Collections$SynchronizedMap: int size()>: statement  entermonitor $r3: Excluding <java.util.Collections$SynchronizedMap: int size()>: This tool does not support consurrency. 

Error in method <java.util.Collections$SynchronizedMap: int size()>: statement  entermonitor $r3: Excluding <java.util.Collections$SynchronizedMap: int size()>: This tool does not support consurrency. 

Error in method <java.util.Collections$SynchronizedMap: int size()>: statement  entermonitor $r3: Excluding <java.util.Collections$SynchronizedMap: int size()>: This tool does not support consurrency. 

Error in method <java.util.Collections$SynchronizedNavigableMap: java.util.NavigableSet navigableKeySet()>: statement  entermonitor $r3: Excluding <java.util.Collections$SynchronizedNavigableMap: java.util.NavigableSet navigableKeySet()>: This tool does not support consurrency. 

Error in method <java.util.Collections$SynchronizedNavigableMap: java.util.NavigableSet navigableKeySet()>: statement  entermonitor $r3: Excluding <java.util.Collections$SynchronizedNavigableMap: java.util.NavigableSet navigableKeySet()>: This tool does not support consurrency. 

Error in method <java.util.Collections$SynchronizedCollection: int size()>: statement  entermonitor $r3: Excluding <java.util.Collections$SynchronizedCollection: int size()>: This tool does not support consurrency. 

Error in method <java.util.Collections$SynchronizedCollection: int size()>: statement  entermonitor $r3: Excluding <java.util.Collections$SynchronizedCollection: int size()>: This tool does not support consurrency. 

Error in method <java.util.Collections$SynchronizedCollection: int size()>: statement  entermonitor $r3: Excluding <java.util.Collections$SynchronizedCollection: int size()>: This tool does not support consurrency. 

Error in method <java.io.BufferedReader: java.lang.String readLine(boolean)>: statement  entermonitor $r3: Excluding <java.io.BufferedReader: java.lang.String readLine(boolean)>: This tool does not support consurrency. 

Error in method <java.util.Vector$Itr: java.lang.Object next()>: statement  entermonitor $r3: Excluding <java.util.Vector$Itr: java.lang.Object next()>: This tool does not support consurrency. 

Error in method <java.util.Vector$Itr: java.lang.Object next()>: statement  entermonitor $r3: Excluding <java.util.Vector$Itr: java.lang.Object next()>: This tool does not support consurrency. 

Error in method <java.util.Vector$Itr: java.lang.Object next()>: statement  entermonitor $r3: Excluding <java.util.Vector$Itr: java.lang.Object next()>: This tool does not support consurrency. 

Error in method <java.util.Vector$Itr: java.lang.Object next()>: statement  entermonitor $r3: Excluding <java.util.Vector$Itr: java.lang.Object next()>: This tool does not support consurrency. 

Error in method <java.util.Vector$Itr: java.lang.Object next()>: statement  entermonitor $r3: Excluding <java.util.Vector$Itr: java.lang.Object next()>: This tool does not support consurrency. 

Error in method <java.util.Vector$Itr: java.lang.Object next()>: statement  entermonitor $r3: Excluding <java.util.Vector$Itr: java.lang.Object next()>: This tool does not support consurrency. 

Error in method <java.nio.channels.spi.AbstractInterruptibleChannel: void close()>: statement  entermonitor $r3: Excluding <java.nio.channels.spi.AbstractInterruptibleChannel: void close()>: This tool does not support consurrency. 

Error in method <java.io.PrintStream: void close()>: statement  entermonitor this: Excluding <java.io.PrintStream: void close()>: This tool does not support consurrency. 

Error in method <java.lang.UNIXProcess$DeferredCloseInputStream: void close()>: statement  entermonitor $r3: Excluding <java.lang.UNIXProcess$DeferredCloseInputStream: void close()>: This tool does not support consurrency. 

Error in method <java.io.FileInputStream: void close()>: statement  entermonitor $r3: Excluding <java.io.FileInputStream: void close()>: This tool does not support consurrency. 

Error in method <java.lang.UNIXProcess$DeferredCloseProcessPipeInputStream: void close()>: statement  entermonitor $r3: Excluding <java.lang.UNIXProcess$DeferredCloseProcessPipeInputStream: void close()>: This tool does not support consurrency. 

Error in method <java.lang.UNIXProcess$ProcessPipeInputStream: void close()>: statement  entermonitor $r3: Excluding <java.lang.UNIXProcess$ProcessPipeInputStream: void close()>: This tool does not support consurrency. 

Error in method <java.io.FileOutputStream: void close()>: statement  entermonitor $r3: Excluding <java.io.FileOutputStream: void close()>: This tool does not support consurrency. 

Error in method <java.nio.channels.spi.AbstractInterruptibleChannel: void close()>: statement  entermonitor $r3: Excluding <java.nio.channels.spi.AbstractInterruptibleChannel: void close()>: This tool does not support consurrency. 

Error in method <java.io.PrintWriter: void close()>: statement  entermonitor $r2: Excluding <java.io.PrintWriter: void close()>: This tool does not support consurrency. 

Error in method <java.io.BufferedWriter: void close()>: statement  entermonitor $r7: Excluding <java.io.BufferedWriter: void close()>: This tool does not support consurrency. 

Error in method <java.io.BufferedReader: void close()>: statement  entermonitor $r4: Excluding <java.io.BufferedReader: void close()>: This tool does not support consurrency. 

Error in method <java.nio.channels.spi.AbstractInterruptibleChannel: void close()>: statement  entermonitor $r3: Excluding <java.nio.channels.spi.AbstractInterruptibleChannel: void close()>: This tool does not support consurrency. 

Error in method <java.io.PrintStream: void close()>: statement  entermonitor this: Excluding <java.io.PrintStream: void close()>: This tool does not support consurrency. 

Error in method <java.lang.UNIXProcess$DeferredCloseInputStream: void close()>: statement  entermonitor $r3: Excluding <java.lang.UNIXProcess$DeferredCloseInputStream: void close()>: This tool does not support consurrency. 

Error in method <java.io.FileInputStream: void close()>: statement  entermonitor $r3: Excluding <java.io.FileInputStream: void close()>: This tool does not support consurrency. 

Error in method <java.lang.UNIXProcess$DeferredCloseProcessPipeInputStream: void close()>: statement  entermonitor $r3: Excluding <java.lang.UNIXProcess$DeferredCloseProcessPipeInputStream: void close()>: This tool does not support consurrency. 

Error in method <java.lang.UNIXProcess$ProcessPipeInputStream: void close()>: statement  entermonitor $r3: Excluding <java.lang.UNIXProcess$ProcessPipeInputStream: void close()>: This tool does not support consurrency. 

Error in method <java.io.FileOutputStream: void close()>: statement  entermonitor $r3: Excluding <java.io.FileOutputStream: void close()>: This tool does not support consurrency. 

Error in method <java.io.PrintWriter: void close()>: statement  entermonitor $r2: Excluding <java.io.PrintWriter: void close()>: This tool does not support consurrency. 

Error in method <java.io.BufferedWriter: void close()>: statement  entermonitor $r7: Excluding <java.io.BufferedWriter: void close()>: This tool does not support consurrency. 

Error in method <java.io.BufferedReader: void close()>: statement  entermonitor $r4: Excluding <java.io.BufferedReader: void close()>: This tool does not support consurrency. 

Error in method <java.util.Vector$Itr: java.lang.Object next()>: statement  entermonitor $r3: Excluding <java.util.Vector$Itr: java.lang.Object next()>: This tool does not support consurrency. 

Error in method <java.util.Vector$Itr: java.lang.Object next()>: statement  entermonitor $r3: Excluding <java.util.Vector$Itr: java.lang.Object next()>: This tool does not support consurrency. 

Error in method <java.util.Vector$VectorSpliterator: int getFence()>: statement  entermonitor $r3: Excluding <java.util.Vector$VectorSpliterator: int getFence()>: This tool does not support consurrency. 

Error in method <java.util.Vector$Itr: java.lang.Object next()>: statement  entermonitor $r3: Excluding <java.util.Vector$Itr: java.lang.Object next()>: This tool does not support consurrency. 

Error in method <java.util.Vector$Itr: java.lang.Object next()>: statement  entermonitor $r3: Excluding <java.util.Vector$Itr: java.lang.Object next()>: This tool does not support consurrency. 

Error in method <java.util.Collections$SynchronizedMap: int size()>: statement  entermonitor $r3: Excluding <java.util.Collections$SynchronizedMap: int size()>: This tool does not support consurrency. 

Error in method <java.util.Collections$SynchronizedMap: int size()>: statement  entermonitor $r3: Excluding <java.util.Collections$SynchronizedMap: int size()>: This tool does not support consurrency. 

Error in method <java.text.AttributedString$AttributeMap: java.util.Set entrySet()>: statement  entermonitor $r7: Excluding <java.text.AttributedString$AttributeMap: java.util.Set entrySet()>: This tool does not support consurrency. 

Error in method <java.util.Vector$Itr: java.lang.Object next()>: statement  entermonitor $r3: Excluding <java.util.Vector$Itr: java.lang.Object next()>: This tool does not support consurrency. 

Error in method <java.util.WeakHashMap: void expungeStaleEntries()>: statement  entermonitor $r8: Excluding <java.util.WeakHashMap: void expungeStaleEntries()>: This tool does not support consurrency. 

Error in method <java.util.WeakHashMap: void expungeStaleEntries()>: statement  entermonitor $r8: Excluding <java.util.WeakHashMap: void expungeStaleEntries()>: This tool does not support consurrency. 

Error in method <java.util.Collections$SynchronizedMap: java.lang.Object put(java.lang.Object,java.lang.Object)>: statement  entermonitor $r5: Excluding <java.util.Collections$SynchronizedMap: java.lang.Object put(java.lang.Object,java.lang.Object)>: This tool does not support consurrency. 

Error in method <java.util.Collections$SynchronizedMap: java.lang.Object put(java.lang.Object,java.lang.Object)>: statement  entermonitor $r5: Excluding <java.util.Collections$SynchronizedMap: java.lang.Object put(java.lang.Object,java.lang.Object)>: This tool does not support consurrency. 

Error in method <java.util.Collections$SynchronizedMap: java.lang.Object put(java.lang.Object,java.lang.Object)>: statement  entermonitor $r5: Excluding <java.util.Collections$SynchronizedMap: java.lang.Object put(java.lang.Object,java.lang.Object)>: This tool does not support consurrency. 

Error in method <java.util.Collections$SynchronizedMap: java.lang.Object put(java.lang.Object,java.lang.Object)>: statement  entermonitor $r5: Excluding <java.util.Collections$SynchronizedMap: java.lang.Object put(java.lang.Object,java.lang.Object)>: This tool does not support consurrency. 

Error in method <java.text.AttributedString$AttributeMap: java.util.Set entrySet()>: statement  entermonitor $r7: Excluding <java.text.AttributedString$AttributeMap: java.util.Set entrySet()>: This tool does not support consurrency. 

Error in method <java.util.Collections$SynchronizedMap: java.util.Set entrySet()>: statement  entermonitor $r3: Excluding <java.util.Collections$SynchronizedMap: java.util.Set entrySet()>: This tool does not support consurrency. 

Error in method <java.text.AttributedString$AttributeMap: java.util.Set entrySet()>: statement  entermonitor $r7: Excluding <java.text.AttributedString$AttributeMap: java.util.Set entrySet()>: This tool does not support consurrency. 

Error in method <java.util.Collections$SynchronizedMap: java.util.Set entrySet()>: statement  entermonitor $r3: Excluding <java.util.Collections$SynchronizedMap: java.util.Set entrySet()>: This tool does not support consurrency. 

Error in method <java.util.Collections$SynchronizedMap: java.util.Set entrySet()>: statement  entermonitor $r3: Excluding <java.util.Collections$SynchronizedMap: java.util.Set entrySet()>: This tool does not support consurrency. 

Error in method <java.util.Vector$Itr: java.lang.Object next()>: statement  entermonitor $r3: Excluding <java.util.Vector$Itr: java.lang.Object next()>: This tool does not support consurrency. 

Error in method <java.util.Vector$Itr: java.lang.Object next()>: statement  entermonitor $r3: Excluding <java.util.Vector$Itr: java.lang.Object next()>: This tool does not support consurrency. 

Error in method <java.util.Vector$Itr: java.lang.Object next()>: statement  entermonitor $r3: Excluding <java.util.Vector$Itr: java.lang.Object next()>: This tool does not support consurrency. 

Error in method <java.util.Collections$SynchronizedMap: java.lang.Object get(java.lang.Object)>: statement  entermonitor $r4: Excluding <java.util.Collections$SynchronizedMap: java.lang.Object get(java.lang.Object)>: This tool does not support consurrency. 

Error in method <java.util.Collections$SynchronizedMap: java.lang.Object get(java.lang.Object)>: statement  entermonitor $r4: Excluding <java.util.Collections$SynchronizedMap: java.lang.Object get(java.lang.Object)>: This tool does not support consurrency. 

Error in method <java.util.Collections$SynchronizedMap: java.lang.Object get(java.lang.Object)>: statement  entermonitor $r4: Excluding <java.util.Collections$SynchronizedMap: java.lang.Object get(java.lang.Object)>: This tool does not support consurrency. 

Error in method <java.util.Collections$SynchronizedCollection: int size()>: statement  entermonitor $r3: Excluding <java.util.Collections$SynchronizedCollection: int size()>: This tool does not support consurrency. 

Error in method <java.util.Vector$Itr: java.lang.Object next()>: statement  entermonitor $r3: Excluding <java.util.Vector$Itr: java.lang.Object next()>: This tool does not support consurrency. 

Error in method <java.util.Vector$Itr: java.lang.Object next()>: statement  entermonitor $r3: Excluding <java.util.Vector$Itr: java.lang.Object next()>: This tool does not support consurrency. 

Error in method <java.util.Collections$SynchronizedMap: int size()>: statement  entermonitor $r3: Excluding <java.util.Collections$SynchronizedMap: int size()>: This tool does not support consurrency. 

Error in method <java.util.Collections$SynchronizedMap: int size()>: statement  entermonitor $r3: Excluding <java.util.Collections$SynchronizedMap: int size()>: This tool does not support consurrency. 

Error in method <java.text.AttributedString$AttributeMap: java.util.Set entrySet()>: statement  entermonitor $r7: Excluding <java.text.AttributedString$AttributeMap: java.util.Set entrySet()>: This tool does not support consurrency. 

Error in method <java.util.Collections$SynchronizedMap: java.util.Set entrySet()>: statement  entermonitor $r3: Excluding <java.util.Collections$SynchronizedMap: java.util.Set entrySet()>: This tool does not support consurrency. 

Error in method <java.util.Vector$Itr: java.lang.Object next()>: statement  entermonitor $r3: Excluding <java.util.Vector$Itr: java.lang.Object next()>: This tool does not support consurrency. 

Error in method <java.text.AttributedString$AttributeMap: java.util.Set entrySet()>: statement  entermonitor $r7: Excluding <java.text.AttributedString$AttributeMap: java.util.Set entrySet()>: This tool does not support consurrency. 

Error in method <java.util.Collections$SynchronizedMap: java.util.Set entrySet()>: statement  entermonitor $r3: Excluding <java.util.Collections$SynchronizedMap: java.util.Set entrySet()>: This tool does not support consurrency. 

Error in method <java.util.Collections$SynchronizedSet: boolean equals(java.lang.Object)>: statement  entermonitor $r4: Excluding <java.util.Collections$SynchronizedSet: boolean equals(java.lang.Object)>: This tool does not support consurrency. 

Error in method <java.util.Collections$SynchronizedCollection: int size()>: statement  entermonitor $r3: Excluding <java.util.Collections$SynchronizedCollection: int size()>: This tool does not support consurrency. 

Error in method <java.util.Vector$Itr: java.lang.Object next()>: statement  entermonitor $r3: Excluding <java.util.Vector$Itr: java.lang.Object next()>: This tool does not support consurrency. 

Error in method <java.util.Vector$Itr: java.lang.Object next()>: statement  entermonitor $r3: Excluding <java.util.Vector$Itr: java.lang.Object next()>: This tool does not support consurrency. 

Error in method <java.util.Vector$Itr: java.lang.Object next()>: statement  entermonitor $r3: Excluding <java.util.Vector$Itr: java.lang.Object next()>: This tool does not support consurrency. 

Error in method <java.util.Collections$SynchronizedMap: boolean containsKey(java.lang.Object)>: statement  entermonitor $r4: Excluding <java.util.Collections$SynchronizedMap: boolean containsKey(java.lang.Object)>: This tool does not support consurrency. 

Error in method <java.util.Collections$SynchronizedMap: boolean containsKey(java.lang.Object)>: statement  entermonitor $r4: Excluding <java.util.Collections$SynchronizedMap: boolean containsKey(java.lang.Object)>: This tool does not support consurrency. 

Error in method <java.util.Collections$SynchronizedMap: boolean containsKey(java.lang.Object)>: statement  entermonitor $r4: Excluding <java.util.Collections$SynchronizedMap: boolean containsKey(java.lang.Object)>: This tool does not support consurrency. 

Error in method <java.util.Collections$SynchronizedMap: boolean containsKey(java.lang.Object)>: statement  entermonitor $r4: Excluding <java.util.Collections$SynchronizedMap: boolean containsKey(java.lang.Object)>: This tool does not support consurrency. 

Error in method <java.util.Collections$SynchronizedMap: boolean containsKey(java.lang.Object)>: statement  entermonitor $r4: Excluding <java.util.Collections$SynchronizedMap: boolean containsKey(java.lang.Object)>: This tool does not support consurrency. 

Error in method <java.util.Collections$SynchronizedCollection: boolean contains(java.lang.Object)>: statement  entermonitor $r4: Excluding <java.util.Collections$SynchronizedCollection: boolean contains(java.lang.Object)>: This tool does not support consurrency. 

Error in method <java.util.Collections$SynchronizedCollection: boolean contains(java.lang.Object)>: statement  entermonitor $r4: Excluding <java.util.Collections$SynchronizedCollection: boolean contains(java.lang.Object)>: This tool does not support consurrency. 

Error in method <java.util.Collections$SynchronizedCollection: boolean contains(java.lang.Object)>: statement  entermonitor $r4: Excluding <java.util.Collections$SynchronizedCollection: boolean contains(java.lang.Object)>: This tool does not support consurrency. 

Error in method <java.util.Vector$Itr: java.lang.Object next()>: statement  entermonitor $r3: Excluding <java.util.Vector$Itr: java.lang.Object next()>: This tool does not support consurrency. 

Error in method <java.util.Vector$Itr: java.lang.Object next()>: statement  entermonitor $r3: Excluding <java.util.Vector$Itr: java.lang.Object next()>: This tool does not support consurrency. 

Error in method <java.util.Vector$Itr: java.lang.Object next()>: statement  entermonitor $r3: Excluding <java.util.Vector$Itr: java.lang.Object next()>: This tool does not support consurrency. 

Error in method <java.util.Vector$Itr: java.lang.Object next()>: statement  entermonitor $r3: Excluding <java.util.Vector$Itr: java.lang.Object next()>: This tool does not support consurrency. 

Error in method <java.util.Vector$Itr: java.lang.Object next()>: statement  entermonitor $r3: Excluding <java.util.Vector$Itr: java.lang.Object next()>: This tool does not support consurrency. 

Error in method <java.util.Vector$Itr: java.lang.Object next()>: statement  entermonitor $r3: Excluding <java.util.Vector$Itr: java.lang.Object next()>: This tool does not support consurrency. 

Error in method <java.util.Collections$SynchronizedList: boolean equals(java.lang.Object)>: statement  entermonitor $r4: Excluding <java.util.Collections$SynchronizedList: boolean equals(java.lang.Object)>: This tool does not support consurrency. 

Error in method <java.util.Collections$SynchronizedList: boolean equals(java.lang.Object)>: statement  entermonitor $r4: Excluding <java.util.Collections$SynchronizedList: boolean equals(java.lang.Object)>: This tool does not support consurrency. 

Error in method <java.util.Collections$SynchronizedList: boolean equals(java.lang.Object)>: statement  entermonitor $r4: Excluding <java.util.Collections$SynchronizedList: boolean equals(java.lang.Object)>: This tool does not support consurrency. 

Error in method <java.util.Collections$SynchronizedSet: boolean equals(java.lang.Object)>: statement  entermonitor $r4: Excluding <java.util.Collections$SynchronizedSet: boolean equals(java.lang.Object)>: This tool does not support consurrency. 

Error in method <java.util.Collections$SynchronizedList: boolean equals(java.lang.Object)>: statement  entermonitor $r4: Excluding <java.util.Collections$SynchronizedList: boolean equals(java.lang.Object)>: This tool does not support consurrency. 

Error in method <java.util.Collections$SynchronizedSet: boolean equals(java.lang.Object)>: statement  entermonitor $r4: Excluding <java.util.Collections$SynchronizedSet: boolean equals(java.lang.Object)>: This tool does not support consurrency. 

Error in method <java.util.Collections$SynchronizedCollection: int size()>: statement  entermonitor $r3: Excluding <java.util.Collections$SynchronizedCollection: int size()>: This tool does not support consurrency. 

Error in method <java.util.Vector$Itr: java.lang.Object next()>: statement  entermonitor $r3: Excluding <java.util.Vector$Itr: java.lang.Object next()>: This tool does not support consurrency. 

Error in method <java.util.Vector$Itr: java.lang.Object next()>: statement  entermonitor $r3: Excluding <java.util.Vector$Itr: java.lang.Object next()>: This tool does not support consurrency. 

Error in method <java.util.Collections$SynchronizedList: boolean equals(java.lang.Object)>: statement  entermonitor $r4: Excluding <java.util.Collections$SynchronizedList: boolean equals(java.lang.Object)>: This tool does not support consurrency. 

Error in method <java.util.Collections$SynchronizedSet: boolean equals(java.lang.Object)>: statement  entermonitor $r4: Excluding <java.util.Collections$SynchronizedSet: boolean equals(java.lang.Object)>: This tool does not support consurrency. 

Error in method <java.util.Collections$SynchronizedSet: boolean equals(java.lang.Object)>: statement  entermonitor $r4: Excluding <java.util.Collections$SynchronizedSet: boolean equals(java.lang.Object)>: This tool does not support consurrency. 

Error in method <java.util.Vector$Itr: java.lang.Object next()>: statement  entermonitor $r3: Excluding <java.util.Vector$Itr: java.lang.Object next()>: This tool does not support consurrency. 

Error in method <java.util.Collections$SynchronizedCollection: boolean contains(java.lang.Object)>: statement  entermonitor $r4: Excluding <java.util.Collections$SynchronizedCollection: boolean contains(java.lang.Object)>: This tool does not support consurrency. 

Error in method <java.util.Vector$Itr: void remove()>: statement  entermonitor $r3: Excluding <java.util.Vector$Itr: void remove()>: This tool does not support consurrency. 

Error in method <java.util.Hashtable$Enumerator: void remove()>: statement  entermonitor $r6: Excluding <java.util.Hashtable$Enumerator: void remove()>: This tool does not support consurrency. 

Error in method <java.util.Vector$Itr: void remove()>: statement  entermonitor $r3: Excluding <java.util.Vector$Itr: void remove()>: This tool does not support consurrency. 

Error in method <java.util.Hashtable$Enumerator: void remove()>: statement  entermonitor $r6: Excluding <java.util.Hashtable$Enumerator: void remove()>: This tool does not support consurrency. 

Error in method <java.util.Vector$Itr: void remove()>: statement  entermonitor $r3: Excluding <java.util.Vector$Itr: void remove()>: This tool does not support consurrency. 

Error in method <java.util.Hashtable$Enumerator: void remove()>: statement  entermonitor $r6: Excluding <java.util.Hashtable$Enumerator: void remove()>: This tool does not support consurrency. 

Error in method <java.util.Vector$Itr: void remove()>: statement  entermonitor $r3: Excluding <java.util.Vector$Itr: void remove()>: This tool does not support consurrency. 

Error in method <java.util.Hashtable$Enumerator: void remove()>: statement  entermonitor $r6: Excluding <java.util.Hashtable$Enumerator: void remove()>: This tool does not support consurrency. 

Error in method <java.util.Vector$Itr: void remove()>: statement  entermonitor $r3: Excluding <java.util.Vector$Itr: void remove()>: This tool does not support consurrency. 

Error in method <java.util.Hashtable$Enumerator: void remove()>: statement  entermonitor $r6: Excluding <java.util.Hashtable$Enumerator: void remove()>: This tool does not support consurrency. 

Error in method <java.util.Vector$Itr: java.lang.Object next()>: statement  entermonitor $r3: Excluding <java.util.Vector$Itr: java.lang.Object next()>: This tool does not support consurrency. 

Error in method <java.util.Collections$SynchronizedCollection: boolean contains(java.lang.Object)>: statement  entermonitor $r4: Excluding <java.util.Collections$SynchronizedCollection: boolean contains(java.lang.Object)>: This tool does not support consurrency. 

Error in method <java.util.Vector$Itr: void remove()>: statement  entermonitor $r3: Excluding <java.util.Vector$Itr: void remove()>: This tool does not support consurrency. 

Error in method <java.util.Hashtable$Enumerator: void remove()>: statement  entermonitor $r6: Excluding <java.util.Hashtable$Enumerator: void remove()>: This tool does not support consurrency. 

Error in method <java.util.Vector$Itr: java.lang.Object next()>: statement  entermonitor $r3: Excluding <java.util.Vector$Itr: java.lang.Object next()>: This tool does not support consurrency. 

Error in method <java.util.Vector$Itr: java.lang.Object next()>: statement  entermonitor $r3: Excluding <java.util.Vector$Itr: java.lang.Object next()>: This tool does not support consurrency. 

Error in method <java.util.Vector$Itr: void remove()>: statement  entermonitor $r3: Excluding <java.util.Vector$Itr: void remove()>: This tool does not support consurrency. 

Error in method <java.util.Hashtable$Enumerator: void remove()>: statement  entermonitor $r6: Excluding <java.util.Hashtable$Enumerator: void remove()>: This tool does not support consurrency. 

Error in method <java.util.Collections$SynchronizedCollection: int size()>: statement  entermonitor $r3: Excluding <java.util.Collections$SynchronizedCollection: int size()>: This tool does not support consurrency. 

